WARNING (theano.tensor.blas): Using NumPy C-API based implementation for BLAS functions.
Auto-assigning NUTS sampler...
Initializing NUTS using jitter+adapt_diag...
Multiprocess sampling (4 chains in 4 jobs)
NUTS: [b, conc_params]
 -- Processing PRES20
After dropping NA and 0-VAP, len df 3698 -> 3482
    -- Scaled 216 precincts, for an increase of 33868 VAP
Running ['AMINVAP', 'OVAP'] x ['Joseph Biden', 'Donald Trump', 'None'] EI on PRES20
r = 2 rows (demographic groups)
c = 3 columns (candidates or voting outcomes)
number of precincts = 3482
█Sampling 4 chains for 1_000 tune and 1_000 draw iterations (4_000 + 4_000 draws total) took 28468 seconds.
There were 780 divergences after tuning. Increase `target_accept` or reparameterize.
There were 326 divergences after tuning. Increase `target_accept` or reparameterize.
There were 333 divergences after tuning. Increase `target_accept` or reparameterize.
There were 332 divergences after tuning. Increase `target_accept` or reparameterize.
The rhat statistic is larger than 1.2 for some parameters.
The estimated number of effective samples is smaller than 200 for some parameters.
WARNING (theano.tensor.blas): Using NumPy C-API based implementation for BLAS functions.

Making viz for PRES20 on ('AMINVAP',)...
WARNING (theano.tensor.blas): Using NumPy C-API based implementation for BLAS functions.
Making summary for PRES20 on ('AMINVAP',)
